<?xml version="1.0" encoding="UTF-8"?>
<!-- Generated by org.testng.reporters.JUnitXMLReporter -->
<testsuite ignored="0" hostname="DESKTOP-NT4Q512" failures="0" tests="6" name="Command line test" time="62.353" errors="0" timestamp="2021-12-28T00:23:58 MSK">
  <testcase classname="test.HomePageTest" name="checkButtonAddPersonTest" time="5.71"/>
  <testcase classname="test.HomePageTest" name="findRouteWithIncorrectDateTest" time="5.3"/>
  <testcase classname="test.HomePageTest" name="findRouteWithIncorrectPointToTest" time="7.016"/>
  <testcase classname="test.HomePageTest" name="findRouteWithoutDataTest" time="4.291"/>
  <testcase classname="test.ResultPageTest" name="checkOtherCurrencyPriceTest" time="14.128"/>
  <testcase classname="test.ResultPageTest" name="findCorrectRouteWithoutDate" time="10.781"/>
</testsuite> <!-- Command line test -->
