<?xml version="1.0" encoding="UTF-8"?>
<testng-results ignored="0" total="6" passed="6" failed="0" skipped="0">
  <reporter-output>
  </reporter-output>
  <suite started-at="2021-12-28T00:22:55 MSK" name="Command line suite" finished-at="2021-12-28T00:23:58 MSK" duration-ms="62353">
    <groups>
    </groups>
    <test started-at="2021-12-28T00:22:55 MSK" name="Command line test" finished-at="2021-12-28T00:23:58 MSK" duration-ms="62353">
      <class name="test.ResultPageTest">
        <test-method is-config="true" signature="browserSetUp()[pri:0, instance:test.ResultPageTest@1e9e725a]" started-at="2021-12-28T00:23:28 MSK" name="browserSetUp" finished-at="2021-12-28T00:23:30 MSK" duration-ms="1464" status="PASS">
          <reporter-output>
          </reporter-output>
        </test-method> <!-- browserSetUp -->
        <test-method signature="checkOtherCurrencyPriceTest()[pri:0, instance:test.ResultPageTest@1e9e725a]" started-at="2021-12-28T00:23:30 MSK" name="checkOtherCurrencyPriceTest" finished-at="2021-12-28T00:23:44 MSK" duration-ms="14128" status="PASS">
          <reporter-output>
          </reporter-output>
        </test-method> <!-- checkOtherCurrencyPriceTest -->
        <test-method is-config="true" signature="browserTearDown()[pri:0, instance:test.ResultPageTest@1e9e725a]" started-at="2021-12-28T00:23:44 MSK" name="browserTearDown" finished-at="2021-12-28T00:23:44 MSK" duration-ms="690" status="PASS">
          <reporter-output>
          </reporter-output>
        </test-method> <!-- browserTearDown -->
        <test-method is-config="true" signature="browserSetUp()[pri:0, instance:test.ResultPageTest@1e9e725a]" started-at="2021-12-28T00:23:44 MSK" name="browserSetUp" finished-at="2021-12-28T00:23:46 MSK" duration-ms="1645" status="PASS">
          <reporter-output>
          </reporter-output>
        </test-method> <!-- browserSetUp -->
        <test-method signature="findCorrectRouteWithoutDate()[pri:0, instance:test.ResultPageTest@1e9e725a]" started-at="2021-12-28T00:23:46 MSK" name="findCorrectRouteWithoutDate" finished-at="2021-12-28T00:23:57 MSK" duration-ms="10781" status="PASS">
          <reporter-output>
          </reporter-output>
        </test-method> <!-- findCorrectRouteWithoutDate -->
        <test-method is-config="true" signature="browserTearDown()[pri:0, instance:test.ResultPageTest@1e9e725a]" started-at="2021-12-28T00:23:57 MSK" name="browserTearDown" finished-at="2021-12-28T00:23:58 MSK" duration-ms="773" status="PASS">
          <reporter-output>
          </reporter-output>
        </test-method> <!-- browserTearDown -->
      </class> <!-- test.ResultPageTest -->
      <class name="test.HomePageTest">
        <test-method is-config="true" signature="browserSetUp()[pri:0, instance:test.HomePageTest@4df828d7]" started-at="2021-12-28T00:22:55 MSK" name="browserSetUp" finished-at="2021-12-28T00:22:59 MSK" duration-ms="3175" status="PASS">
          <reporter-output>
          </reporter-output>
        </test-method> <!-- browserSetUp -->
        <test-method signature="checkButtonAddPersonTest()[pri:0, instance:test.HomePageTest@4df828d7]" started-at="2021-12-28T00:22:59 MSK" name="checkButtonAddPersonTest" finished-at="2021-12-28T00:23:04 MSK" duration-ms="5710" status="PASS">
          <reporter-output>
          </reporter-output>
        </test-method> <!-- checkButtonAddPersonTest -->
        <test-method is-config="true" signature="browserTearDown()[pri:0, instance:test.HomePageTest@4df828d7]" started-at="2021-12-28T00:23:04 MSK" name="browserTearDown" finished-at="2021-12-28T00:23:05 MSK" duration-ms="673" status="PASS">
          <reporter-output>
          </reporter-output>
        </test-method> <!-- browserTearDown -->
        <test-method is-config="true" signature="browserSetUp()[pri:0, instance:test.HomePageTest@4df828d7]" started-at="2021-12-28T00:23:05 MSK" name="browserSetUp" finished-at="2021-12-28T00:23:06 MSK" duration-ms="1518" status="PASS">
          <reporter-output>
          </reporter-output>
        </test-method> <!-- browserSetUp -->
        <test-method signature="findRouteWithIncorrectDateTest()[pri:0, instance:test.HomePageTest@4df828d7]" started-at="2021-12-28T00:23:06 MSK" name="findRouteWithIncorrectDateTest" finished-at="2021-12-28T00:23:12 MSK" duration-ms="5300" status="PASS">
          <reporter-output>
          </reporter-output>
        </test-method> <!-- findRouteWithIncorrectDateTest -->
        <test-method is-config="true" signature="browserTearDown()[pri:0, instance:test.HomePageTest@4df828d7]" started-at="2021-12-28T00:23:12 MSK" name="browserTearDown" finished-at="2021-12-28T00:23:12 MSK" duration-ms="704" status="PASS">
          <reporter-output>
          </reporter-output>
        </test-method> <!-- browserTearDown -->
        <test-method is-config="true" signature="browserSetUp()[pri:0, instance:test.HomePageTest@4df828d7]" started-at="2021-12-28T00:23:12 MSK" name="browserSetUp" finished-at="2021-12-28T00:23:14 MSK" duration-ms="1438" status="PASS">
          <reporter-output>
          </reporter-output>
        </test-method> <!-- browserSetUp -->
        <test-method signature="findRouteWithIncorrectPointToTest()[pri:0, instance:test.HomePageTest@4df828d7]" started-at="2021-12-28T00:23:14 MSK" name="findRouteWithIncorrectPointToTest" finished-at="2021-12-28T00:23:21 MSK" duration-ms="7016" status="PASS">
          <reporter-output>
          </reporter-output>
        </test-method> <!-- findRouteWithIncorrectPointToTest -->
        <test-method is-config="true" signature="browserTearDown()[pri:0, instance:test.HomePageTest@4df828d7]" started-at="2021-12-28T00:23:21 MSK" name="browserTearDown" finished-at="2021-12-28T00:23:22 MSK" duration-ms="721" status="PASS">
          <reporter-output>
          </reporter-output>
        </test-method> <!-- browserTearDown -->
        <test-method is-config="true" signature="browserSetUp()[pri:0, instance:test.HomePageTest@4df828d7]" started-at="2021-12-28T00:23:22 MSK" name="browserSetUp" finished-at="2021-12-28T00:23:23 MSK" duration-ms="1483" status="PASS">
          <reporter-output>
          </reporter-output>
        </test-method> <!-- browserSetUp -->
        <test-method signature="findRouteWithoutDataTest()[pri:0, instance:test.HomePageTest@4df828d7]" started-at="2021-12-28T00:23:23 MSK" name="findRouteWithoutDataTest" finished-at="2021-12-28T00:23:27 MSK" duration-ms="4291" status="PASS">
          <reporter-output>
          </reporter-output>
        </test-method> <!-- findRouteWithoutDataTest -->
        <test-method is-config="true" signature="browserTearDown()[pri:0, instance:test.HomePageTest@4df828d7]" started-at="2021-12-28T00:23:27 MSK" name="browserTearDown" finished-at="2021-12-28T00:23:28 MSK" duration-ms="806" status="PASS">
          <reporter-output>
          </reporter-output>
        </test-method> <!-- browserTearDown -->
      </class> <!-- test.HomePageTest -->
    </test> <!-- Command line test -->
  </suite> <!-- Command line suite -->
</testng-results>
